Determining if the pthread_create exist failed with the following output:
Change Dir: /home/zolkin/GC_Drone/build/CMakeFiles/CMakeTmp

Run Build Command:"/usr/bin/make" "cmTC_6c27d/fast"
/usr/bin/make -f CMakeFiles/cmTC_6c27d.dir/build.make CMakeFiles/cmTC_6c27d.dir/build
make[1]: Entering directory '/home/zolkin/GC_Drone/build/CMakeFiles/CMakeTmp'
Building C object CMakeFiles/cmTC_6c27d.dir/CheckSymbolExists.c.o
/usr/bin/cc    -o CMakeFiles/cmTC_6c27d.dir/CheckSymbolExists.c.o   -c /home/zolkin/GC_Drone/build/CMakeFiles/CMakeTmp/CheckSymbolExists.c
Linking C executable cmTC_6c27d
/usr/bin/cmake -E cmake_link_script CMakeFiles/cmTC_6c27d.dir/link.txt --verbose=1
/usr/bin/cc      -rdynamic CMakeFiles/cmTC_6c27d.dir/CheckSymbolExists.c.o  -o cmTC_6c27d 
CMakeFiles/cmTC_6c27d.dir/CheckSymbolExists.c.o: In function `main':
CheckSymbolExists.c:(.text+0x1b): undefined reference to `pthread_create'
collect2: error: ld returned 1 exit status
CMakeFiles/cmTC_6c27d.dir/build.make:97: recipe for target 'cmTC_6c27d' failed
make[1]: *** [cmTC_6c27d] Error 1
make[1]: Leaving directory '/home/zolkin/GC_Drone/build/CMakeFiles/CMakeTmp'
Makefile:126: recipe for target 'cmTC_6c27d/fast' failed
make: *** [cmTC_6c27d/fast] Error 2

File /home/zolkin/GC_Drone/build/CMakeFiles/CMakeTmp/CheckSymbolExists.c:
/* */
#include <pthread.h>

int main(int argc, char** argv)
{
  (void)argv;
#ifndef pthread_create
  return ((int*)(&pthread_create))[argc];
#else
  (void)argc;
  return 0;
#endif
}

Determining if the function pthread_create exists in the pthreads failed with the following output:
Change Dir: /home/zolkin/GC_Drone/build/CMakeFiles/CMakeTmp

Run Build Command:"/usr/bin/make" "cmTC_82935/fast"
/usr/bin/make -f CMakeFiles/cmTC_82935.dir/build.make CMakeFiles/cmTC_82935.dir/build
make[1]: Entering directory '/home/zolkin/GC_Drone/build/CMakeFiles/CMakeTmp'
Building C object CMakeFiles/cmTC_82935.dir/CheckFunctionExists.c.o
/usr/bin/cc   -DCHECK_FUNCTION_EXISTS=pthread_create   -o CMakeFiles/cmTC_82935.dir/CheckFunctionExists.c.o   -c /usr/share/cmake-3.10/Modules/CheckFunctionExists.c
Linking C executable cmTC_82935
/usr/bin/cmake -E cmake_link_script CMakeFiles/cmTC_82935.dir/link.txt --verbose=1
/usr/bin/cc  -DCHECK_FUNCTION_EXISTS=pthread_create    -rdynamic CMakeFiles/cmTC_82935.dir/CheckFunctionExists.c.o  -o cmTC_82935 -lpthreads 
/usr/bin/ld: cannot find -lpthreads
collect2: error: ld returned 1 exit status
CMakeFiles/cmTC_82935.dir/build.make:97: recipe for target 'cmTC_82935' failed
make[1]: *** [cmTC_82935] Error 1
make[1]: Leaving directory '/home/zolkin/GC_Drone/build/CMakeFiles/CMakeTmp'
Makefile:126: recipe for target 'cmTC_82935/fast' failed
make: *** [cmTC_82935/fast] Error 2


